<?xml version="1.0" encoding="UTF-8"?>
<testsuite xmlns:xsi="http://www.w3.org/2001/XMLSchema-instance" xsi:noNamespaceSchemaLocation="https://maven.apache.org/surefire/maven-surefire-plugin/xsd/surefire-test-report-3.0.xsd" version="3.0" name="MySqlTest4" time="1.42" tests="1" errors="0" skipped="0" failures="0">
  <properties>
    <property name="java.specification.version" value="19"/>
    <property name="sun.cpu.isalist" value="amd64"/>
    <property name="sun.jnu.encoding" value="Cp1252"/>
    <property name="java.class.path" value="D:\4-2\StancevskiLuka\Emocije\target\test-classes;D:\4-2\StancevskiLuka\Emocije\target\classes;C:\Users\Korisnik\.m2\repository\org\junit\jupiter\junit-jupiter-api\5.9.1\junit-jupiter-api-5.9.1.jar;C:\Users\Korisnik\.m2\repository\org\opentest4j\opentest4j\1.2.0\opentest4j-1.2.0.jar;C:\Users\Korisnik\.m2\repository\org\junit\platform\junit-platform-commons\1.9.1\junit-platform-commons-1.9.1.jar;C:\Users\Korisnik\.m2\repository\org\apiguardian\apiguardian-api\1.1.2\apiguardian-api-1.1.2.jar;C:\Users\Korisnik\.m2\repository\org\junit\jupiter\junit-jupiter-engine\5.9.1\junit-jupiter-engine-5.9.1.jar;C:\Users\Korisnik\.m2\repository\org\junit\platform\junit-platform-engine\1.9.1\junit-platform-engine-1.9.1.jar;C:\Users\Korisnik\.m2\repository\org\etsntesla\it\RunShellCommand\1.0-SNAPSHOT\RunShellCommand-1.0-SNAPSHOT.jar;C:\Users\Korisnik\.m2\repository\com\mysql\mysql-connector-j\8.0.31\mysql-connector-j-8.0.31.jar;C:\Users\Korisnik\.m2\repository\com\google\protobuf\protobuf-java\3.19.4\protobuf-java-3.19.4.jar;C:\Users\Korisnik\.m2\repository\org\springframework\spring-context\5.3.23\spring-context-5.3.23.jar;C:\Users\Korisnik\.m2\repository\org\springframework\spring-aop\5.3.23\spring-aop-5.3.23.jar;C:\Users\Korisnik\.m2\repository\org\springframework\spring-beans\5.3.23\spring-beans-5.3.23.jar;C:\Users\Korisnik\.m2\repository\org\springframework\spring-core\5.3.23\spring-core-5.3.23.jar;C:\Users\Korisnik\.m2\repository\org\springframework\spring-jcl\5.3.23\spring-jcl-5.3.23.jar;C:\Users\Korisnik\.m2\repository\org\springframework\spring-expression\5.3.23\spring-expression-5.3.23.jar;C:\Users\Korisnik\.m2\repository\org\flywaydb\flyway-core\9.8.1\flyway-core-9.8.1.jar;C:\Users\Korisnik\.m2\repository\com\fasterxml\jackson\dataformat\jackson-dataformat-toml\2.14.0\jackson-dataformat-toml-2.14.0.jar;C:\Users\Korisnik\.m2\repository\com\fasterxml\jackson\core\jackson-databind\2.14.0\jackson-databind-2.14.0.jar;C:\Users\Korisnik\.m2\repository\com\fasterxml\jackson\core\jackson-annotations\2.14.0\jackson-annotations-2.14.0.jar;C:\Users\Korisnik\.m2\repository\com\fasterxml\jackson\core\jackson-core\2.14.0\jackson-core-2.14.0.jar;C:\Users\Korisnik\.m2\repository\org\flywaydb\flyway-mysql\9.8.1\flyway-mysql-9.8.1.jar;"/>
    <property name="java.vm.vendor" value="Oracle Corporation"/>
    <property name="sun.arch.data.model" value="64"/>
    <property name="user.variant" value=""/>
    <property name="java.vendor.url" value="https://java.oracle.com/"/>
    <property name="user.timezone" value="Europe/Budapest"/>
    <property name="user.country.format" value="RS"/>
    <property name="os.name" value="Windows 10"/>
    <property name="java.vm.specification.version" value="19"/>
    <property name="sun.java.launcher" value="SUN_STANDARD"/>
    <property name="user.country" value="US"/>
    <property name="sun.boot.library.path" value="C:\Users\Korisnik\.jdks\openjdk-19\bin"/>
    <property name="sun.java.command" value="C:\Users\Korisnik\AppData\Local\Temp\surefire15345495199975492902\surefirebooter-20230220115817309_3.jar C:\Users\Korisnik\AppData\Local\Temp\surefire15345495199975492902 2023-02-20T11-58-16_682-jvmRun1 surefire-20230220115817309_1tmp surefire_0-20230220115817309_2tmp"/>
    <property name="jdk.debug" value="release"/>
    <property name="surefire.test.class.path" value="D:\4-2\StancevskiLuka\Emocije\target\test-classes;D:\4-2\StancevskiLuka\Emocije\target\classes;C:\Users\Korisnik\.m2\repository\org\junit\jupiter\junit-jupiter-api\5.9.1\junit-jupiter-api-5.9.1.jar;C:\Users\Korisnik\.m2\repository\org\opentest4j\opentest4j\1.2.0\opentest4j-1.2.0.jar;C:\Users\Korisnik\.m2\repository\org\junit\platform\junit-platform-commons\1.9.1\junit-platform-commons-1.9.1.jar;C:\Users\Korisnik\.m2\repository\org\apiguardian\apiguardian-api\1.1.2\apiguardian-api-1.1.2.jar;C:\Users\Korisnik\.m2\repository\org\junit\jupiter\junit-jupiter-engine\5.9.1\junit-jupiter-engine-5.9.1.jar;C:\Users\Korisnik\.m2\repository\org\junit\platform\junit-platform-engine\1.9.1\junit-platform-engine-1.9.1.jar;C:\Users\Korisnik\.m2\repository\org\etsntesla\it\RunShellCommand\1.0-SNAPSHOT\RunShellCommand-1.0-SNAPSHOT.jar;C:\Users\Korisnik\.m2\repository\com\mysql\mysql-connector-j\8.0.31\mysql-connector-j-8.0.31.jar;C:\Users\Korisnik\.m2\repository\com\google\protobuf\protobuf-java\3.19.4\protobuf-java-3.19.4.jar;C:\Users\Korisnik\.m2\repository\org\springframework\spring-context\5.3.23\spring-context-5.3.23.jar;C:\Users\Korisnik\.m2\repository\org\springframework\spring-aop\5.3.23\spring-aop-5.3.23.jar;C:\Users\Korisnik\.m2\repository\org\springframework\spring-beans\5.3.23\spring-beans-5.3.23.jar;C:\Users\Korisnik\.m2\repository\org\springframework\spring-core\5.3.23\spring-core-5.3.23.jar;C:\Users\Korisnik\.m2\repository\org\springframework\spring-jcl\5.3.23\spring-jcl-5.3.23.jar;C:\Users\Korisnik\.m2\repository\org\springframework\spring-expression\5.3.23\spring-expression-5.3.23.jar;C:\Users\Korisnik\.m2\repository\org\flywaydb\flyway-core\9.8.1\flyway-core-9.8.1.jar;C:\Users\Korisnik\.m2\repository\com\fasterxml\jackson\dataformat\jackson-dataformat-toml\2.14.0\jackson-dataformat-toml-2.14.0.jar;C:\Users\Korisnik\.m2\repository\com\fasterxml\jackson\core\jackson-databind\2.14.0\jackson-databind-2.14.0.jar;C:\Users\Korisnik\.m2\repository\com\fasterxml\jackson\core\jackson-annotations\2.14.0\jackson-annotations-2.14.0.jar;C:\Users\Korisnik\.m2\repository\com\fasterxml\jackson\core\jackson-core\2.14.0\jackson-core-2.14.0.jar;C:\Users\Korisnik\.m2\repository\org\flywaydb\flyway-mysql\9.8.1\flyway-mysql-9.8.1.jar;"/>
    <property name="sun.cpu.endian" value="little"/>
    <property name="user.home" value="C:\Users\Korisnik"/>
    <property name="user.language" value="en"/>
    <property name="java.specification.vendor" value="Oracle Corporation"/>
    <property name="java.version.date" value="2022-09-20"/>
    <property name="java.home" value="C:\Users\Korisnik\.jdks\openjdk-19"/>
    <property name="file.separator" value="\"/>
    <property name="basedir" value="D:\4-2\StancevskiLuka\Emocije"/>
    <property name="java.vm.compressedOopsMode" value="32-bit"/>
    <property name="line.separator" value="&#10;"/>
    <property name="java.vm.specification.vendor" value="Oracle Corporation"/>
    <property name="java.specification.name" value="Java Platform API Specification"/>
    <property name="surefire.real.class.path" value="C:\Users\Korisnik\AppData\Local\Temp\surefire15345495199975492902\surefirebooter-20230220115817309_3.jar"/>
    <property name="user.script" value=""/>
    <property name="user.script.format" value="Cyrl"/>
    <property name="sun.management.compiler" value="HotSpot 64-Bit Tiered Compilers"/>
    <property name="java.runtime.version" value="19+36-2238"/>
    <property name="user.name" value="Korisnik"/>
    <property name="stdout.encoding" value="Cp1252"/>
    <property name="path.separator" value=";"/>
    <property name="os.version" value="10.0"/>
    <property name="java.runtime.name" value="OpenJDK Runtime Environment"/>
    <property name="file.encoding" value="UTF-8"/>
    <property name="java.vm.name" value="OpenJDK 64-Bit Server VM"/>
    <property name="localRepository" value="C:\Users\Korisnik\.m2\repository"/>
    <property name="java.vendor.url.bug" value="https://bugreport.java.com/bugreport/"/>
    <property name="java.io.tmpdir" value="C:\Users\Korisnik\AppData\Local\Temp\"/>
    <property name="idea.version" value="2022.2.2"/>
    <property name="java.version" value="19"/>
    <property name="user.dir" value="D:\4-2\StancevskiLuka\Emocije"/>
    <property name="os.arch" value="amd64"/>
    <property name="java.vm.specification.name" value="Java Virtual Machine Specification"/>
    <property name="user.language.format" value="sr"/>
    <property name="sun.os.patch.level" value=""/>
    <property name="native.encoding" value="Cp1252"/>
    <property name="java.library.path" value="C:\Users\Korisnik\.jdks\openjdk-19\bin;C:\Windows\Sun\Java\bin;C:\Windows\system32;C:\Windows;C:\Inprise\vbroker\bin;C:\Program Files (x86)\Borland\Delphi7\Bin;C:\Program Files (x86)\Borland\Delphi7\Projects\Bpl\;C:\Windows\system32;C:\Windows;C:\Windows\System32\Wbem;C:\Windows\System32\WindowsPowerShell\v1.0\;C:\Windows\System32\OpenSSH\;C:\Program Files\Git\cmd;C:\xampp\mysql\bin;C:\Users\Korisnik\AppData\Local\Microsoft\WindowsApps;;C:\Users\Korisnik\AppData\Local\Programs\Microsoft VS Code\bin;C:\TDM-GCC-32\bin;."/>
    <property name="java.vm.info" value="mixed mode, sharing"/>
    <property name="stderr.encoding" value="Cp1252"/>
    <property name="java.vendor" value="Oracle Corporation"/>
    <property name="java.vm.version" value="19+36-2238"/>
    <property name="sun.io.unicode.encoding" value="UnicodeLittle"/>
    <property name="java.class.version" value="63.0"/>
  </properties>
  <testcase name="test" classname="MySqlTest4" time="0.026">
    <system-err><![CDATA[феб 20, 2023 11:58:18 AM org.flywaydb.core.internal.logging.apachecommons.ApacheCommonsLog info
INFO: Flyway Community Edition 9.8.1 by Redgate
феб 20, 2023 11:58:18 AM org.flywaydb.core.internal.logging.apachecommons.ApacheCommonsLog info
INFO: See what's new here: https://flywaydb.org/documentation/learnmore/releaseNotes#9.8.1
феб 20, 2023 11:58:18 AM org.flywaydb.core.internal.logging.apachecommons.ApacheCommonsLog info
INFO: 
феб 20, 2023 11:58:18 AM org.flywaydb.core.internal.logging.apachecommons.ApacheCommonsLog info
INFO: Database: jdbc:mysql://localhost:3306/db_emocije_ls (MySQL 5.5)
феб 20, 2023 11:58:18 AM org.flywaydb.core.internal.logging.apachecommons.ApacheCommonsLog info
INFO: Successfully dropped pre-schema database level objects (execution time 00:00.001s)
феб 20, 2023 11:58:18 AM org.flywaydb.core.internal.logging.apachecommons.ApacheCommonsLog info
INFO: Successfully cleaned schema `db_emocije_ls` (execution time 00:00.052s)
феб 20, 2023 11:58:18 AM org.flywaydb.core.internal.logging.apachecommons.ApacheCommonsLog info
INFO: Successfully cleaned schema `db_emocije_ls` (execution time 00:00.044s)
феб 20, 2023 11:58:18 AM org.flywaydb.core.internal.logging.apachecommons.ApacheCommonsLog info
INFO: Successfully dropped post-schema database level objects (execution time 00:00.001s)
феб 20, 2023 11:58:19 AM org.flywaydb.core.internal.logging.apachecommons.ApacheCommonsLog info
INFO: Creating Schema History table `db_emocije_ls`.`flyway_schema_history` with baseline ...
феб 20, 2023 11:58:19 AM org.flywaydb.core.internal.logging.apachecommons.ApacheCommonsLog info
INFO: Successfully baselined schema with version: 1
феб 20, 2023 11:58:19 AM org.flywaydb.core.internal.logging.apachecommons.ApacheCommonsLog info
INFO: Successfully validated 3 migrations (execution time 00:00.024s)
феб 20, 2023 11:58:19 AM org.flywaydb.core.internal.logging.apachecommons.ApacheCommonsLog info
INFO: Current version of schema `db_emocije_ls`: 1
феб 20, 2023 11:58:19 AM org.flywaydb.core.internal.logging.apachecommons.ApacheCommonsLog info
INFO: Migrating schema `db_emocije_ls` to version "01.001 - emocije drop dump"
феб 20, 2023 11:58:19 AM org.flywaydb.core.internal.logging.apachecommons.ApacheCommonsLog info
INFO: Migrating schema `db_emocije_ls` to version "01.002 - emocije data dump"
феб 20, 2023 11:58:19 AM org.flywaydb.core.internal.logging.apachecommons.ApacheCommonsLog info
INFO: Successfully applied 2 migrations to schema `db_emocije_ls`, now at version v01.002 (execution time 00:00.157s)
]]></system-err>
  </testcase>
</testsuite>